<?xml version="1.0" encoding="UTF-8"?>
<testsuite name="com.expensetracker.dao.test.UserDaoTest" time="0" tests="1" errors="1" skipped="0" failures="0">
  <properties>
    <property name="java.runtime.name" value="Java(TM) SE Runtime Environment"/>
    <property name="sun.boot.library.path" value="C:\Java\jdk1.8.0_31\jre\bin"/>
    <property name="java.vm.version" value="25.31-b07"/>
    <property name="java.vm.vendor" value="Oracle Corporation"/>
    <property name="java.vendor.url" value="http://java.oracle.com/"/>
    <property name="path.separator" value=";"/>
    <property name="guice.disable.misplaced.annotation.check" value="true"/>
    <property name="java.vm.name" value="Java HotSpot(TM) 64-Bit Server VM"/>
    <property name="file.encoding.pkg" value="sun.io"/>
    <property name="user.script" value=""/>
    <property name="user.country" value="IN"/>
    <property name="sun.java.launcher" value="SUN_STANDARD"/>
    <property name="sun.os.patch.level" value="Service Pack 1"/>
    <property name="java.vm.specification.name" value="Java Virtual Machine Specification"/>
    <property name="user.dir" value="D:\Expense Tracker Project\MultiModuleProject\Parent"/>
    <property name="java.runtime.version" value="1.8.0_31-b13"/>
    <property name="java.awt.graphicsenv" value="sun.awt.Win32GraphicsEnvironment"/>
    <property name="java.endorsed.dirs" value="C:\Java\jdk1.8.0_31\jre\lib\endorsed"/>
    <property name="os.arch" value="amd64"/>
    <property name="java.io.tmpdir" value="C:\Users\BHARAT~1.IND\AppData\Local\Temp\"/>
    <property name="line.separator" value="&#10;"/>
    <property name="java.vm.specification.vendor" value="Oracle Corporation"/>
    <property name="user.variant" value=""/>
    <property name="os.name" value="Windows 7"/>
    <property name="classworlds.conf" value="D:\Expense Tracker Project\.metadata\.plugins\org.eclipse.m2e.launching\launches\m2conf8471279087890880379.tmp"/>
    <property name="sun.jnu.encoding" value="Cp1252"/>
    <property name="java.library.path" value="C:\Java\jdk1.8.0_31\bin;C:\Windows\Sun\Java\bin;C:\Windows\system32;C:\Windows;C:/Java/bin/server;C:/Java/bin;C:/Java/lib/amd64;C:\ProgramData\Oracle\Java\javapath;C:\Java\jdk1.8.0_31\bin;C:\Program Files\Common Files\Microsoft Shared\Windows Live;C:\Program Files (x86)\Common Files\Microsoft Shared\Windows Live;C:\Program Files (x86)\Intel\iCLS Client\;C:\Program Files\Intel\iCLS Client\;C:\Windows\system32;C:\Windows;C:\Windows\System32\Wbem;C:\Windows\System32\WindowsPowerShell\v1.0\;C:\Program Files\Intel\WiFi\bin\;C:\Program Files\Common Files\Intel\WirelessCommon\;C:\Program Files\WIDCOMM\Bluetooth Software\;C:\Program Files\WIDCOMM\Bluetooth Software\syswow64;C:\Program Files\Intel\Intel(R) Management Engine Components\DAL;C:\Program Files\Intel\Intel(R) Management Engine Components\IPT;C:\Program Files (x86)\Intel\Intel(R) Management Engine Components\DAL;C:\Program Files (x86)\Intel\Intel(R) Management Engine Components\IPT;C:\Program Files\Dell\Dell Data Protection\Access\Advanced\Wave\Gemalto\Access Client\v5\;C:\Program Files (x86)\Security Innovation\SI TSS\bin\;C:\Program Files (x86)\Windows Live\Shared;C:\Program Files\TortoiseSVN\bin;D:\Jar Files\aspriseOCR.jar;C:\cygwin\bin;D:\softwares\apache-ant-1.8.3-bin\apache-ant-1.8.3\bin;D:\softwares\tptpdc.all_platforms-TPTP-4.2.0\tptp\tptpdc\win_ia32\bin;C:\Program Files (x86)\Git\cmd;D:\FractalScience\Softwares\apache-maven-3.0.4\bin;C:\Program Files (x86)\Inno Setup 5;C:\Program Files (x86)\Skype\Phone\;D:\Expense Tracker Project\Software repo\eclipse;;."/>
    <property name="java.specification.name" value="Java Platform API Specification"/>
    <property name="java.class.version" value="52.0"/>
    <property name="sun.management.compiler" value="HotSpot 64-Bit Tiered Compilers"/>
    <property name="os.version" value="6.1"/>
    <property name="user.home" value="C:\Users\Bharat.khandelwal.INDECOMM"/>
    <property name="user.timezone" value="Asia/Calcutta"/>
    <property name="java.awt.printerjob" value="sun.awt.windows.WPrinterJob"/>
    <property name="java.specification.version" value="1.8"/>
    <property name="file.encoding" value="Cp1252"/>
    <property name="user.name" value="Bharat.Khandelwal"/>
    <property name="java.class.path" value="/D:/Expense Tracker Project/Software repo/eclipse/plugins/org.eclipse.m2e.maven.runtime_1.5.0.20140605-2032/jars/plexus-classworlds-2.5.1.jar"/>
    <property name="org.slf4j.simpleLogger.defaultLogLevel" value="info"/>
    <property name="java.vm.specification.version" value="1.8"/>
    <property name="sun.arch.data.model" value="64"/>
    <property name="java.home" value="C:\Java\jdk1.8.0_31\jre"/>
    <property name="sun.java.command" value="org.codehaus.plexus.classworlds.launcher.Launcher -B install"/>
    <property name="java.specification.vendor" value="Oracle Corporation"/>
    <property name="user.language" value="en"/>
    <property name="awt.toolkit" value="sun.awt.windows.WToolkit"/>
    <property name="java.vm.info" value="mixed mode"/>
    <property name="java.version" value="1.8.0_31"/>
    <property name="java.ext.dirs" value="C:\Java\jdk1.8.0_31\jre\lib\ext;C:\Windows\Sun\Java\lib\ext"/>
    <property name="sun.boot.class.path" value="C:\Java\jdk1.8.0_31\jre\lib\resources.jar;C:\Java\jdk1.8.0_31\jre\lib\rt.jar;C:\Java\jdk1.8.0_31\jre\lib\sunrsasign.jar;C:\Java\jdk1.8.0_31\jre\lib\jsse.jar;C:\Java\jdk1.8.0_31\jre\lib\jce.jar;C:\Java\jdk1.8.0_31\jre\lib\charsets.jar;C:\Java\jdk1.8.0_31\jre\lib\jfr.jar;C:\Java\jdk1.8.0_31\jre\classes"/>
    <property name="java.vendor" value="Oracle Corporation"/>
    <property name="maven.home" value="D:\Expense Tracker Project\MultiModuleProject\Parent\EMBEDDED"/>
    <property name="file.separator" value="\"/>
    <property name="java.vendor.url.bug" value="http://bugreport.sun.com/bugreport/"/>
    <property name="sun.cpu.endian" value="little"/>
    <property name="sun.io.unicode.encoding" value="UnicodeLittle"/>
    <property name="sun.desktop" value="windows"/>
    <property name="autoupdate" value="false"/>
    <property name="sun.cpu.isalist" value="amd64"/>
  </properties>
  <testcase name="testSaveUserDao" classname="com.expensetracker.dao.test.UserDaoTest" time="0">
    <error type="java.lang.ExceptionInInitializerError:"><![CDATA[java.lang.ExceptionInInitializerError: null
	at org.hibernate.cfg.Configuration$MappingsImpl.addClass(Configuration.java:3179)
	at org.hibernate.cfg.AnnotationBinder.bindClass(AnnotationBinder.java:727)
	at org.hibernate.cfg.Configuration$MetadataSourceQueue.processAnnotatedClassesQueue(Configuration.java:4035)
	at org.hibernate.cfg.Configuration$MetadataSourceQueue.processMetadata(Configuration.java:3989)
	at org.hibernate.cfg.Configuration.secondPassCompile(Configuration.java:1398)
	at org.hibernate.cfg.Configuration.buildSessionFactory(Configuration.java:1856)
	at com.expensetracker.util.HibernateUtil.getSessionFactory(HibernateUtil.java:29)
	at com.expensetracker.dao.UserDao.<init>(UserDao.java:19)
	at com.expensetracker.dao.UserDao.<clinit>(UserDao.java:17)
	at com.expensetracker.dao.test.UserDaoTest.testSaveUserDao(UserDaoTest.java:25)
]]></error>
  </testcase>
</testsuite>