<?xml version="1.0" encoding="UTF-8"?>
<testsuite name="com.expensetracker.dao.test.UserDaoTest" time="0" tests="1" errors="1" skipped="0" failures="0">
  <properties>
    <property name="java.vendor" value="Oracle Corporation"/>
    <property name="JOB_NAME" value="Multi-Module-test"/>
    <property name="sun.java.launcher" value="SUN_STANDARD"/>
    <property name="windows_tracing_logfile" value="C:\BVTBin\Tests\installpackage\csilogfile.log"/>
    <property name="NUMBER_OF_PROCESSORS" value="4"/>
    <property name="sun.management.compiler" value="HotSpot 64-Bit Tiered Compilers"/>
    <property name="JENKINS_HOME" value="C:\Program Files (x86)\Jenkins"/>
    <property name="HUDSON_SERVER_COOKIE" value="6f8ea56eaf190085"/>
    <property name="POM_ARTIFACTID" value="Parent"/>
    <property name="os.name" value="Windows 7"/>
    <property name="sun.boot.class.path" value="C:\Java\jdk1.8.0_31\jre\lib\resources.jar;C:\Java\jdk1.8.0_31\jre\lib\rt.jar;C:\Java\jdk1.8.0_31\jre\lib\sunrsasign.jar;C:\Java\jdk1.8.0_31\jre\lib\jsse.jar;C:\Java\jdk1.8.0_31\jre\lib\jce.jar;C:\Java\jdk1.8.0_31\jre\lib\charsets.jar;C:\Java\jdk1.8.0_31\jre\lib\jfr.jar;C:\Java\jdk1.8.0_31\jre\classes"/>
    <property name="EXECUTOR_NUMBER" value="0"/>
    <property name="sun.desktop" value="windows"/>
    <property name="PATHEXT" value=".COM;.EXE;.BAT;.CMD;.VBS;.VBE;.JS;.JSE;.WSF;.WSH;.MSC"/>
    <property name="java.vm.specification.vendor" value="Oracle Corporation"/>
    <property name="POM_DISPLAYNAME" value="Parent Module"/>
    <property name="NODE_LABELS" value="master"/>
    <property name="TEMP" value="C:\Windows\TEMP"/>
    <property name="java.runtime.version" value="1.8.0_31-b13"/>
    <property name="user.name" value="WLW7-BHARATKH$"/>
    <property name="guice.disable.misplaced.annotation.check" value="true"/>
    <property name="CommonProgramW6432" value="C:\Program Files\Common Files"/>
    <property name="ProgramFiles" value="C:\Program Files (x86)"/>
    <property name="user.language" value="en"/>
    <property name="M2" value="D:\FractalScience\Softwares\apache-maven-3.0.4\bin"/>
    <property name="BUILD_DISPLAY_NAME" value="#4"/>
    <property name="sun.boot.library.path" value="C:\Java\jdk1.8.0_31\jre\bin"/>
    <property name="LOCALAPPDATA" value="C:\Windows\system32\config\systemprofile\AppData\Local"/>
    <property name="java.version" value="1.8.0_31"/>
    <property name="PROCESSOR_LEVEL" value="6"/>
    <property name="user.timezone" value="Asia/Calcutta"/>
    <property name="USERNAME" value="WLW7-BHARATKH$"/>
    <property name="sun.arch.data.model" value="64"/>
    <property name="NODE_NAME" value="master"/>
    <property name="PROCESSOR_ARCHITEW6432" value="AMD64"/>
    <property name="java.endorsed.dirs" value="C:\Java\jdk1.8.0_31\jre\lib\endorsed"/>
    <property name="BUILD_ID" value="4"/>
    <property name="sun.cpu.isalist" value="amd64"/>
    <property name="sun.jnu.encoding" value="Cp1252"/>
    <property name="file.encoding.pkg" value="sun.io"/>
    <property name="file.separator" value="\"/>
    <property name="java.specification.name" value="Java Platform API Specification"/>
    <property name="java.class.version" value="52.0"/>
    <property name="user.country" value="IN"/>
    <property name="ALLUSERSPROFILE" value="C:\ProgramData"/>
    <property name="java.home" value="C:\Java\jdk1.8.0_31\jre"/>
    <property name="java.vm.info" value="mixed mode"/>
    <property name="os.version" value="6.1"/>
    <property name="POM_VERSION" value="1.0"/>
    <property name="TMP" value="C:\Windows\TEMP"/>
    <property name="path.separator" value=";"/>
    <property name="java.vm.version" value="25.31-b07"/>
    <property name="user.variant" value=""/>
    <property name="CommonProgramFiles(x86)" value="C:\Program Files (x86)\Common Files"/>
    <property name="java.awt.printerjob" value="sun.awt.windows.WPrinterJob"/>
    <property name="FP_NO_HOST_CHECK" value="NO"/>
    <property name="JAVA_HOME" value="C:\Java\jdk1.8.0_31"/>
    <property name="sun.io.unicode.encoding" value="UnicodeLittle"/>
    <property name="CommonProgramFiles" value="C:\Program Files (x86)\Common Files"/>
    <property name="ComSpec" value="C:\Windows\system32\cmd.exe"/>
    <property name="awt.toolkit" value="sun.awt.windows.WToolkit"/>
    <property name="POM_PACKAGING" value="pom"/>
    <property name="SERVICE_ID" value="jenkins"/>
    <property name="COMPUTERNAME" value="WLW7-BHARATKH"/>
    <property name="user.script" value=""/>
    <property name="POM_GROUPID" value="ToolTest"/>
    <property name="PUBLIC" value="C:\Users\Public"/>
    <property name="user.home" value="C:\Windows\system32\config\systemprofile"/>
    <property name="BUILD_TAG" value="jenkins-Multi-Module-test-4"/>
    <property name="JENKINS_SERVER_COOKIE" value="6f8ea56eaf190085"/>
    <property name="HUDSON_URL" value="http://localhost:8080/"/>
    <property name="ProgramData" value="C:\ProgramData"/>
    <property name="java.specification.vendor" value="Oracle Corporation"/>
    <property name="USERPROFILE" value="C:\Windows\system32\config\systemprofile"/>
    <property name="CLASSPATH" value=""/>
    <property name="java.vendor.url" value="http://java.oracle.com/"/>
    <property name="java.library.path" value="C:\Java\jdk1.8.0_31\bin;C:\Windows\Sun\Java\bin;C:\Windows\system32;C:\Windows;D:\FractalScience\Softwares\apache-maven-3.0.4/bin;C:\Java\jdk1.8.0_31/bin;C:\Java\jdk1.8.0_31/bin;C:\Java\jdk1.8.0_31/bin;C:\Java\jdk1.8.0_31/bin;C:\Java\jdk1.8.0_31/bin;C:\Java\jdk1.8.0_31/bin;C:\Java\jdk1.8.0_31/bin;C:\ProgramData\Oracle\Java\javapath;C:\Java\jdk1.8.0_31\bin;C:\Program Files\Common Files\Microsoft Shared\Windows Live;C:\Program Files (x86)\Common Files\Microsoft Shared\Windows Live;C:\Program Files (x86)\Intel\iCLS Client\;C:\Program Files\Intel\iCLS Client\;C:\Windows\system32;C:\Windows;C:\Windows\System32\Wbem;C:\Windows\System32\WindowsPowerShell\v1.0\;C:\Program Files\Intel\WiFi\bin\;C:\Program Files\Common Files\Intel\WirelessCommon\;C:\Program Files\WIDCOMM\Bluetooth Software\;C:\Program Files\WIDCOMM\Bluetooth Software\syswow64;C:\Program Files\Intel\Intel(R) Management Engine Components\DAL;C:\Program Files\Intel\Intel(R) Management Engine Components\IPT;C:\Program Files (x86)\Intel\Intel(R) Management Engine Components\DAL;C:\Program Files (x86)\Intel\Intel(R) Management Engine Components\IPT;C:\Program Files\Dell\Dell Data Protection\Access\Advanced\Wave\Gemalto\Access Client\v5\;C:\Program Files (x86)\Security Innovation\SI TSS\bin\;C:\Program Files (x86)\Windows Live\Shared;C:\Program Files\TortoiseSVN\bin;D:\Jar Files\aspriseOCR.jar;C:\cygwin\bin;D:\softwares\apache-ant-1.8.3-bin\apache-ant-1.8.3\bin;D:\softwares\tptpdc.all_platforms-TPTP-4.2.0\tptp\tptpdc\win_ia32\bin;C:\Program Files (x86)\Git\cmd;D:\FractalScience\Softwares\apache-maven-3.0.4\bin;C:\Program Files (x86)\Inno Setup 5;C:\Program Files (x86)\Skype\Phone\;;."/>
    <property name="java.vm.vendor" value="Oracle Corporation"/>
    <property name="APPDATA" value="C:\Windows\system32\config\systemprofile\AppData\Roaming"/>
    <property name="java.runtime.name" value="Java(TM) SE Runtime Environment"/>
    <property name="maven.home" value="D:\FractalScience\Softwares\apache-maven-3.0.4"/>
    <property name="java.class.path" value="C:\Program Files (x86)\Jenkins\plugins\maven-plugin\WEB-INF\lib\maven3-agent-1.5.jar;D:\FractalScience\Softwares\apache-maven-3.0.4\boot\plexus-classworlds-2.4.jar"/>
    <property name="sun.java.command" value="org.jvnet.hudson.maven3.agent.Maven3Main D:\FractalScience\Softwares\apache-maven-3.0.4 C:\Program Files (x86)\Jenkins\war\WEB-INF\lib\remoting-2.49.jar C:\Program Files (x86)\Jenkins\plugins\maven-plugin\WEB-INF\lib\maven3-interceptor-1.5.jar C:\Program Files (x86)\Jenkins\plugins\maven-plugin\WEB-INF\lib\maven3-interceptor-commons-1.5.jar 55180"/>
    <property name="Path" value="C:\Java\jdk1.8.0_31/bin;C:\Java\jdk1.8.0_31/bin;C:\Java\jdk1.8.0_31/bin;C:\Java\jdk1.8.0_31/bin;C:\Java\jdk1.8.0_31/bin;C:\Java\jdk1.8.0_31/bin;C:\ProgramData\Oracle\Java\javapath;C:\Java\jdk1.8.0_31\bin;C:\Program Files\Common Files\Microsoft Shared\Windows Live;C:\Program Files (x86)\Common Files\Microsoft Shared\Windows Live;C:\Program Files (x86)\Intel\iCLS Client\;C:\Program Files\Intel\iCLS Client\;C:\Windows\system32;C:\Windows;C:\Windows\System32\Wbem;C:\Windows\System32\WindowsPowerShell\v1.0\;C:\Program Files\Intel\WiFi\bin\;C:\Program Files\Common Files\Intel\WirelessCommon\;C:\Program Files\WIDCOMM\Bluetooth Software\;C:\Program Files\WIDCOMM\Bluetooth Software\syswow64;C:\Program Files\Intel\Intel(R) Management Engine Components\DAL;C:\Program Files\Intel\Intel(R) Management Engine Components\IPT;C:\Program Files (x86)\Intel\Intel(R) Management Engine Components\DAL;C:\Program Files (x86)\Intel\Intel(R) Management Engine Components\IPT;C:\Program Files\Dell\Dell Data Protection\Access\Advanced\Wave\Gemalto\Access Client\v5\;C:\Program Files (x86)\Security Innovation\SI TSS\bin\;C:\Program Files (x86)\Windows Live\Shared;C:\Program Files\TortoiseSVN\bin;D:\Jar Files\aspriseOCR.jar;C:\cygwin\bin;D:\softwares\apache-ant-1.8.3-bin\apache-ant-1.8.3\bin;D:\softwares\tptpdc.all_platforms-TPTP-4.2.0\tptp\tptpdc\win_ia32\bin;C:\Program Files (x86)\Git\cmd;D:\FractalScience\Softwares\apache-maven-3.0.4\bin;C:\Program Files (x86)\Inno Setup 5;C:\Program Files (x86)\Skype\Phone\;"/>
    <property name="java.vm.specification.name" value="Java Virtual Machine Specification"/>
    <property name="PROCESSOR_ARCHITECTURE" value="x86"/>
    <property name="PATH+JDK" value="C:\Java\jdk1.8.0_31/bin"/>
    <property name="PROCESSOR_IDENTIFIER" value="Intel64 Family 6 Model 58 Stepping 9, GenuineIntel"/>
    <property name="java.vm.specification.version" value="1.8"/>
    <property name="sun.os.patch.level" value="Service Pack 1"/>
    <property name="sun.cpu.endian" value="little"/>
    <property name="M2_HOME" value="D:\FractalScience\Softwares\apache-maven-3.0.4"/>
    <property name="DellClientSystemUpdatePath" value="C:\Program Files (x86)\Dell\ClientSystemUpdate\"/>
    <property name="java.io.tmpdir" value="C:\Windows\TEMP\"/>
    <property name="OS" value="Windows_NT"/>
    <property name="HUDSON_HOME" value="C:\Program Files (x86)\Jenkins"/>
    <property name="PATH+MAVEN" value="D:\FractalScience\Softwares\apache-maven-3.0.4/bin"/>
    <property name="ProgramFiles(x86)" value="C:\Program Files (x86)"/>
    <property name="BUILD_URL" value="http://localhost:8080/job/Multi-Module-test/4/"/>
    <property name="java.vendor.url.bug" value="http://bugreport.sun.com/bugreport/"/>
    <property name="MAVEN_OPTS" value="-Xms256m -Xmx512m"/>
    <property name="java.awt.graphicsenv" value="sun.awt.Win32GraphicsEnvironment"/>
    <property name="os.arch" value="amd64"/>
    <property name="SystemRoot" value="C:\Windows"/>
    <property name="windows_tracing_flags" value="3"/>
    <property name="java.ext.dirs" value="C:\Java\jdk1.8.0_31\jre\lib\ext;C:\Windows\Sun\Java\lib\ext"/>
    <property name="user.dir" value="D:\Expense Tracker Project\MultiModuleProject\Parent"/>
    <property name="JOB_URL" value="http://localhost:8080/job/Multi-Module-test/"/>
    <property name="USERDOMAIN" value="INDECOMM"/>
    <property name="line.separator" value="&#10;"/>
    <property name="MAVEN_HOME" value="D:\FractalScience\Softwares\apache-maven-3.0.4"/>
    <property name="java.vm.name" value="Java HotSpot(TM) 64-Bit Server VM"/>
    <property name="BUILD_NUMBER" value="4"/>
    <property name="BASE" value="C:\Program Files (x86)\Jenkins"/>
    <property name="JENKINS_URL" value="http://localhost:8080/"/>
    <property name="PROCESSOR_REVISION" value="3a09"/>
    <property name="UATDATA" value="C:\Windows\CCM\UATData\D9F8C395-CAB8-491d-B8AC-179A1FE1BE77"/>
    <property name="ProgramW6432" value="C:\Program Files"/>
    <property name="windir" value="C:\Windows"/>
    <property name="file.encoding" value="Cp1252"/>
    <property name="SystemDrive" value="C:"/>
    <property name="VBOX_INSTALL_PATH" value="C:\Program Files\Oracle\VirtualBox\"/>
    <property name="maven3.interceptor" value="C:\Program Files (x86)\Jenkins\plugins\maven-plugin\WEB-INF\lib\maven3-interceptor-1.5.jar"/>
    <property name="WORKSPACE" value="C:\Program Files (x86)\Jenkins\workspace\Multi-Module-test"/>
    <property name="maven3.interceptor.common" value="C:\Program Files (x86)\Jenkins\plugins\maven-plugin\WEB-INF\lib\maven3-interceptor-commons-1.5.jar"/>
    <property name="WINSW_EXECUTABLE" value="C:\Program Files (x86)\Jenkins\jenkins.exe"/>
    <property name="java.specification.version" value="1.8"/>
    <property name="PSModulePath" value="C:\Windows\system32\WindowsPowerShell\v1.0\Modules\"/>
  </properties>
  <testcase name="testSaveUserDao" classname="com.expensetracker.dao.test.UserDaoTest" time="0">
    <error type="java.lang.ExceptionInInitializerError:"><![CDATA[java.lang.ExceptionInInitializerError: null
	at org.hibernate.cfg.Configuration$MappingsImpl.addClass(Configuration.java:3179)
	at org.hibernate.cfg.AnnotationBinder.bindClass(AnnotationBinder.java:727)
	at org.hibernate.cfg.Configuration$MetadataSourceQueue.processAnnotatedClassesQueue(Configuration.java:4035)
	at org.hibernate.cfg.Configuration$MetadataSourceQueue.processMetadata(Configuration.java:3989)
	at org.hibernate.cfg.Configuration.secondPassCompile(Configuration.java:1398)
	at org.hibernate.cfg.Configuration.buildSessionFactory(Configuration.java:1856)
	at com.expensetracker.util.HibernateUtil.getSessionFactory(HibernateUtil.java:29)
	at com.expensetracker.dao.UserDao.<init>(UserDao.java:19)
	at com.expensetracker.dao.UserDao.<clinit>(UserDao.java:17)
	at com.expensetracker.dao.test.UserDaoTest.testSaveUserDao(UserDaoTest.java:25)
]]></error>
  </testcase>
</testsuite>